<?xml version="1.0" encoding="UTF-8"?>
<!-- Generated by org.testng.reporters.JUnitReportReporter -->
<testsuite hostname="DESKTOP-RNGP1V9" failures="0" tests="1" name="Scripts.Test1" time="0.019" errors="0" timestamp="2021-08-05T18:15:22 IST" skipped="0">
  <testcase classname="Scripts.Test1" name="demo" time="0.019"/>
</testsuite> <!-- Scripts.Test1 -->
